<?xml version="1.0" encoding="UTF-8"?>
<!-- Generated by org.testng.reporters.JUnitXMLReporter -->
<testsuite hostname="DESKTOP-R8LNRUV" ignored="0" name="Banking" tests="4" failures="2" timestamp="23 Jul 2022 16:34:25 GMT" time="45.247" errors="0">
  <testcase name="login_ddt" time="9.888" classname="com.netbankingGuru.testCases.TC_LoginTest_DDT_02"/>
  <testcase name="login_ddt" time="4.788" classname="com.netbankingGuru.testCases.TC_LoginTest_DDT_02">
    <failure type="java.lang.AssertionError" message="expected [true] but found [false]">
      <![CDATA[java.lang.AssertionError: expected [true] but found [false]
	at com.netbankingGuru.testCases.TC_LoginTest_DDT_02.login_ddt(TC_LoginTest_DDT_02.java:29)
... Removed 29 stack frames]]>
    </failure>
  </testcase> <!-- login_ddt -->
  <testcase name="login_ddt" time="5.864" classname="com.netbankingGuru.testCases.TC_LoginTest_DDT_02">
    <failure type="java.lang.AssertionError" message="expected [true] but found [false]">
      <![CDATA[java.lang.AssertionError: expected [true] but found [false]
	at com.netbankingGuru.testCases.TC_LoginTest_DDT_02.login_ddt(TC_LoginTest_DDT_02.java:29)
... Removed 29 stack frames]]>
    </failure>
  </testcase> <!-- login_ddt -->
  <testcase name="login_ddt" time="10.342" classname="com.netbankingGuru.testCases.TC_LoginTest_DDT_02"/>
</testsuite> <!-- Banking -->
